PID 6484 received SIGSEGV for address: 0x61ffa388
SymInit: Symbol-SearchPath: '.;D:\checkout\mouse-finger;D:\checkout\mouse-finger\node_modules\electron\dist;C:\WINDOWS;C:\WINDOWS\system32;SRV*C:\websymbols*http://msdl.microsoft.com/download/symbols;', symOptions: 530, UserName: 'YCKJ0806'
OS-Version: 10.0.17134 () 0x100-0x1
d:\checkout\mouse-finger\node_modules\segfault-handler\src\stackwalker.cpp (941): StackWalker::ShowCallstack
d:\checkout\mouse-finger\node_modules\segfault-handler\src\segfault-handler.cpp (235): segfault_handler
00007FFD64E156A8 (ntdll): (filename not available): RtlInitializeCriticalSection
00007FFD64DB692A (ntdll): (filename not available): RtlWalkFrameChain
00007FFD64DB52CA (ntdll): (filename not available): RtlRaiseException
00007FFD61FFA388 (KERNELBASE): (filename not available): RaiseException
00007FFD63DADC3B (RPCRT4): (filename not available): RpcRaiseException
00007FFD63DADC04 (RPCRT4): (filename not available): RpcRaiseException
00007FFD63DADBDC (RPCRT4): (filename not available): RpcAsyncGetCallStatus
00007FFD63DADAAF (RPCRT4): (filename not available): NdrFullPointerQueryPointer
00007FFD63D63B4F (RPCRT4): (filename not available): NdrAsyncClientCall
00007FFD63E404F4 (RPCRT4): (filename not available): Ndr64AsyncClientCall
00007FFD63D62C09 (RPCRT4): (filename not available): RpcAsyncCompleteCall
00007FFD63D62B42 (RPCRT4): (filename not available): RpcAsyncCompleteCall
00007FFD605E2A0D (WINSTA): (filename not available): WinStationRegisterConsoleNotification
00007FFD605E30CD (WINSTA): (filename not available): WinStationRegisterConsoleNotification
00007FFD605E2238 (WINSTA): (filename not available): WinStationRegisterConsoleNotification
00007FFD63DB848F (RPCRT4): (filename not available): RpcStringBindingParseW
00007FFD63DB83F6 (RPCRT4): (filename not available): RpcStringBindingParseW
00007FFD63D7E8F3 (RPCRT4): (filename not available): RpcServerInqCallAttributesW
00007FFD63D673E8 (RPCRT4): (filename not available): I_RpcServerUseProtseqEp2W
00007FFD63D7A2D1 (RPCRT4): (filename not available): RpcServerInqCallAttributesW
00007FFD63D79864 (RPCRT4): (filename not available): RpcServerInqCallAttributesW
00007FFD63DC99CA (RPCRT4): (filename not available): RpcAsyncCancelCall
00007FFD605E238D (WINSTA): (filename not available): WinStationRegisterConsoleNotification
00007FFD605E2F65 (WINSTA): (filename not available): WinStationRegisterConsoleNotification
00007FFD605E1906 (WINSTA): (filename not available): WinStationRegisterCurrentSessionNotificationEvent
00007FFD605E1A8D (WINSTA): (filename not available): WinStationUnRegisterConsoleNotification
00007FFD605E19C1 (WINSTA): (filename not available): WinStationUnRegisterConsoleNotification
00007FFD5E992180 (WTSAPI32): (filename not available): WTSUnRegisterSessionNotification
00007FF759C18724 (electron): (filename not available): IsSandboxedProcess
00007FF759C183E2 (electron): (filename not available): IsSandboxedProcess
00007FF759C1861A (electron): (filename not available): IsSandboxedProcess
00007FF7583E3076 (electron): (filename not available): (function-name not available)
00007FF7583E2D81 (electron): (filename not available): (function-name not available)
00007FF75997C3F2 (electron): (filename not available): IsSandboxedProcess
00007FF75A6F33A6 (electron): (filename not available): IsSandboxedProcess
00007FF7594DD0E0 (electron): (filename not available): GetHandleVerifier
00007FF7581FBC85 (electron): (filename not available): (function-name not available)
00007FF75ACE7993 (electron): (filename not available): IsSandboxedProcess
00007FFD64563034 (KERNEL32): (filename not available): BaseThreadInitThunk
00007FFD64E21461 (ntdll): (filename not available): RtlUserThreadStart
PID 8912 received SIGSEGV for address: 0x61ffa388
SymInit: Symbol-SearchPath: '.;D:\checkout\mouse-finger;D:\checkout\mouse-finger\node_modules\electron\dist;C:\WINDOWS;C:\WINDOWS\system32;SRV*C:\websymbols*http://msdl.microsoft.com/download/symbols;', symOptions: 530, UserName: 'YCKJ0806'
OS-Version: 10.0.17134 () 0x100-0x1
d:\checkout\mouse-finger\node_modules\segfault-handler\src\stackwalker.cpp (941): StackWalker::ShowCallstack
d:\checkout\mouse-finger\node_modules\segfault-handler\src\segfault-handler.cpp (235): segfault_handler
00007FFD64E156A8 (ntdll): (filename not available): RtlInitializeCriticalSection
00007FFD64DB692A (ntdll): (filename not available): RtlWalkFrameChain
00007FFD64DB52CA (ntdll): (filename not available): RtlRaiseException
00007FFD61FFA388 (KERNELBASE): (filename not available): RaiseException
00007FFD63DADC3B (RPCRT4): (filename not available): RpcRaiseException
00007FFD63DADC04 (RPCRT4): (filename not available): RpcRaiseException
00007FFD63DADBDC (RPCRT4): (filename not available): RpcAsyncGetCallStatus
00007FFD63DADAAF (RPCRT4): (filename not available): NdrFullPointerQueryPointer
00007FFD63D63B4F (RPCRT4): (filename not available): NdrAsyncClientCall
00007FFD63E404F4 (RPCRT4): (filename not available): Ndr64AsyncClientCall
00007FFD63D62C09 (RPCRT4): (filename not available): RpcAsyncCompleteCall
00007FFD63D62B42 (RPCRT4): (filename not available): RpcAsyncCompleteCall
00007FFD605E2A0D (WINSTA): (filename not available): WinStationRegisterConsoleNotification
00007FFD605E30CD (WINSTA): (filename not available): WinStationRegisterConsoleNotification
00007FFD605E2238 (WINSTA): (filename not available): WinStationRegisterConsoleNotification
00007FFD63DB848F (RPCRT4): (filename not available): RpcStringBindingParseW
00007FFD63DB83F6 (RPCRT4): (filename not available): RpcStringBindingParseW
00007FFD63D7E8F3 (RPCRT4): (filename not available): RpcServerInqCallAttributesW
00007FFD63D673E8 (RPCRT4): (filename not available): I_RpcServerUseProtseqEp2W
00007FFD63D7A2D1 (RPCRT4): (filename not available): RpcServerInqCallAttributesW
00007FFD63D79864 (RPCRT4): (filename not available): RpcServerInqCallAttributesW
00007FFD63DC99CA (RPCRT4): (filename not available): RpcAsyncCancelCall
00007FFD605E238D (WINSTA): (filename not available): WinStationRegisterConsoleNotification
00007FFD605E2F65 (WINSTA): (filename not available): WinStationRegisterConsoleNotification
00007FFD605E1906 (WINSTA): (filename not available): WinStationRegisterCurrentSessionNotificationEvent
00007FFD605E1A8D (WINSTA): (filename not available): WinStationUnRegisterConsoleNotification
00007FFD605E19C1 (WINSTA): (filename not available): WinStationUnRegisterConsoleNotification
00007FFD5E992180 (WTSAPI32): (filename not available): WTSUnRegisterSessionNotification
00007FF759C18724 (electron): (filename not available): IsSandboxedProcess
00007FF759C183E2 (electron): (filename not available): IsSandboxedProcess
00007FF759C1861A (electron): (filename not available): IsSandboxedProcess
00007FF7583E3076 (electron): (filename not available): (function-name not available)
00007FF7583E2D81 (electron): (filename not available): (function-name not available)
00007FF75997C3F2 (electron): (filename not available): IsSandboxedProcess
00007FF75A6F33A6 (electron): (filename not available): IsSandboxedProcess
00007FF7594DD0E0 (electron): (filename not available): GetHandleVerifier
00007FF7581FBC85 (electron): (filename not available): (function-name not available)
00007FF75ACE7993 (electron): (filename not available): IsSandboxedProcess
00007FFD64563034 (KERNEL32): (filename not available): BaseThreadInitThunk
00007FFD64E21461 (ntdll): (filename not available): RtlUserThreadStart
PID 13832 received SIGSEGV for address: 0x61ffa388
SymInit: Symbol-SearchPath: '.;D:\checkout\mouse-finger;D:\checkout\mouse-finger\node_modules\electron\dist;C:\WINDOWS;C:\WINDOWS\system32;SRV*C:\websymbols*http://msdl.microsoft.com/download/symbols;', symOptions: 530, UserName: 'YCKJ0806'
OS-Version: 10.0.17134 () 0x100-0x1
d:\checkout\mouse-finger\node_modules\segfault-handler\src\stackwalker.cpp (941): StackWalker::ShowCallstack
d:\checkout\mouse-finger\node_modules\segfault-handler\src\segfault-handler.cpp (235): segfault_handler
00007FFD64E156A8 (ntdll): (filename not available): RtlInitializeCriticalSection
00007FFD64DB692A (ntdll): (filename not available): RtlWalkFrameChain
00007FFD64DB52CA (ntdll): (filename not available): RtlRaiseException
00007FFD61FFA388 (KERNELBASE): (filename not available): RaiseException
00007FFD63DADC3B (RPCRT4): (filename not available): RpcRaiseException
00007FFD63DADC04 (RPCRT4): (filename not available): RpcRaiseException
00007FFD63DADBDC (RPCRT4): (filename not available): RpcAsyncGetCallStatus
00007FFD63DADAAF (RPCRT4): (filename not available): NdrFullPointerQueryPointer
00007FFD63D63B4F (RPCRT4): (filename not available): NdrAsyncClientCall
00007FFD63E404F4 (RPCRT4): (filename not available): Ndr64AsyncClientCall
00007FFD63D62C09 (RPCRT4): (filename not available): RpcAsyncCompleteCall
00007FFD63D62B42 (RPCRT4): (filename not available): RpcAsyncCompleteCall
00007FFD605E2A0D (WINSTA): (filename not available): WinStationRegisterConsoleNotification
00007FFD605E30CD (WINSTA): (filename not available): WinStationRegisterConsoleNotification
00007FFD605E2238 (WINSTA): (filename not available): WinStationRegisterConsoleNotification
00007FFD63DB848F (RPCRT4): (filename not available): RpcStringBindingParseW
00007FFD63DB83F6 (RPCRT4): (filename not available): RpcStringBindingParseW
00007FFD63D7E8F3 (RPCRT4): (filename not available): RpcServerInqCallAttributesW
00007FFD63D673E8 (RPCRT4): (filename not available): I_RpcServerUseProtseqEp2W
00007FFD63D7A2D1 (RPCRT4): (filename not available): RpcServerInqCallAttributesW
00007FFD63D79864 (RPCRT4): (filename not available): RpcServerInqCallAttributesW
00007FFD63DC99CA (RPCRT4): (filename not available): RpcAsyncCancelCall
00007FFD605E238D (WINSTA): (filename not available): WinStationRegisterConsoleNotification
00007FFD605E2F65 (WINSTA): (filename not available): WinStationRegisterConsoleNotification
00007FFD605E1906 (WINSTA): (filename not available): WinStationRegisterCurrentSessionNotificationEvent
00007FFD605E1A8D (WINSTA): (filename not available): WinStationUnRegisterConsoleNotification
00007FFD605E19C1 (WINSTA): (filename not available): WinStationUnRegisterConsoleNotification
00007FFD5E992180 (WTSAPI32): (filename not available): WTSUnRegisterSessionNotification
00007FF759C18724 (electron): (filename not available): IsSandboxedProcess
00007FF759C183E2 (electron): (filename not available): IsSandboxedProcess
00007FF759C1861A (electron): (filename not available): IsSandboxedProcess
00007FF7583E3076 (electron): (filename not available): (function-name not available)
00007FF7583E2D81 (electron): (filename not available): (function-name not available)
00007FF75997C3F2 (electron): (filename not available): IsSandboxedProcess
00007FF75A6F33A6 (electron): (filename not available): IsSandboxedProcess
00007FF7594DD0E0 (electron): (filename not available): GetHandleVerifier
00007FF7581FBC85 (electron): (filename not available): (function-name not available)
00007FF75ACE7993 (electron): (filename not available): IsSandboxedProcess
00007FFD64563034 (KERNEL32): (filename not available): BaseThreadInitThunk
00007FFD64E21461 (ntdll): (filename not available): RtlUserThreadStart
